This is pdfTeX, Version 3.141592653-2.6-1.40.22 (TeX Live 2022/dev/Debian) (preloaded format=pdflatex 2023.7.15)  25 JUL 2023 18:39
entering extended mode
 restricted \write18 enabled.
 %&-line parsing enabled.
**informe.tex
(./informe.tex
LaTeX2e <2021-11-15> patch level 1
L3 programming layer <2022-01-21>
(/usr/share/texlive/texmf-dist/tex/latex/base/article.cls
Document Class: article 2021/10/04 v1.4n Standard LaTeX document class
(/usr/share/texlive/texmf-dist/tex/latex/base/size10.clo
File: size10.clo 2021/10/04 v1.4n Standard LaTeX file (size option)
)
\c@part=\count185
\c@section=\count186
\c@subsection=\count187
\c@subsubsection=\count188
\c@paragraph=\count189
\c@subparagraph=\count190
\c@figure=\count191
\c@table=\count192
\abovecaptionskip=\skip47
\belowcaptionskip=\skip48
\bibindent=\dimen138
)
(/usr/share/texlive/texmf-dist/tex/latex/base/fontenc.sty
Package: fontenc 2021/04/29 v2.0v Standard LaTeX package
)
(/usr/share/texlive/texmf-dist/tex/latex/graphics/graphicx.sty
Package: graphicx 2021/09/16 v1.2d Enhanced LaTeX Graphics (DPC,SPQR)

(/usr/share/texlive/texmf-dist/tex/latex/graphics/keyval.sty
Package: keyval 2014/10/28 v1.15 key=value parser (DPC)
\KV@toks@=\toks16
)
(/usr/share/texlive/texmf-dist/tex/latex/graphics/graphics.sty
Package: graphics 2021/03/04 v1.4d Standard LaTeX Graphics (DPC,SPQR)

(/usr/share/texlive/texmf-dist/tex/latex/graphics/trig.sty
Package: trig 2021/08/11 v1.11 sin cos tan (DPC)
)
(/usr/share/texlive/texmf-dist/tex/latex/graphics-cfg/graphics.cfg
File: graphics.cfg 2016/06/04 v1.11 sample graphics configuration
)
Package graphics Info: Driver file: pdftex.def on input line 107.

(/usr/share/texlive/texmf-dist/tex/latex/graphics-def/pdftex.def
File: pdftex.def 2020/10/05 v1.2a Graphics/color driver for pdftex
))
\Gin@req@height=\dimen139
\Gin@req@width=\dimen140
)
(/usr/share/texlive/texmf-dist/tex/latex/tools/indentfirst.sty
Package: indentfirst 1995/11/23 v1.03 Indent first paragraph (DPC)
)
(/usr/share/texlive/texmf-dist/tex/latex/l3backend/l3backend-pdftex.def
File: l3backend-pdftex.def 2022-01-12 L3 backend support: PDF output (pdfTeX)
\l__color_backend_stack_int=\count193
\l__pdf_internal_box=\box50
)
(./informe.aux)
\openout1 = `informe.aux'.

LaTeX Font Info:    Checking defaults for OML/cmm/m/it on input line 5.
LaTeX Font Info:    ... okay on input line 5.
LaTeX Font Info:    Checking defaults for OMS/cmsy/m/n on input line 5.
LaTeX Font Info:    ... okay on input line 5.
LaTeX Font Info:    Checking defaults for OT1/cmr/m/n on input line 5.
LaTeX Font Info:    ... okay on input line 5.
LaTeX Font Info:    Checking defaults for T1/cmr/m/n on input line 5.
LaTeX Font Info:    ... okay on input line 5.
LaTeX Font Info:    Checking defaults for TS1/cmr/m/n on input line 5.
LaTeX Font Info:    ... okay on input line 5.
LaTeX Font Info:    Checking defaults for OMX/cmex/m/n on input line 5.
LaTeX Font Info:    ... okay on input line 5.
LaTeX Font Info:    Checking defaults for U/cmr/m/n on input line 5.
LaTeX Font Info:    ... okay on input line 5.

(/usr/share/texlive/texmf-dist/tex/context/base/mkii/supp-pdf.mkii
[Loading MPS to PDF converter (version 2006.09.02).]
\scratchcounter=\count194
\scratchdimen=\dimen141
\scratchbox=\box51
\nofMPsegments=\count195
\nofMParguments=\count196
\everyMPshowfont=\toks17
\MPscratchCnt=\count197
\MPscratchDim=\dimen142
\MPnumerator=\count198
\makeMPintoPDFobject=\count199
\everyMPtoPDFconversion=\toks18
) (/usr/share/texlive/texmf-dist/tex/latex/epstopdf-pkg/epstopdf-base.sty
Package: epstopdf-base 2020-01-24 v2.11 Base part for package epstopdf
Package epstopdf-base Info: Redefining graphics rule for `.eps' on input line 4
85.

(/usr/share/texlive/texmf-dist/tex/latex/latexconfig/epstopdf-sys.cfg
File: epstopdf-sys.cfg 2010/07/13 v1.3 Configuration of (r)epstopdf for TeX Liv
e
))
<CD.png, id=1, 542.025pt x 357.335pt>
File: CD.png Graphic file (type png)
<use CD.png>
Package pdftex.def Info: CD.png  used on input line 18.
(pdftex.def)             Requested size: 172.5pt x 113.72249pt.

[1

{/var/lib/texmf/fonts/map/pdftex/updmap/pdftex.map} <./CD.png>]
LaTeX Font Info:    External font `cmex10' loaded for size
(Font)              <7> on input line 21.
LaTeX Font Info:    External font `cmex10' loaded for size
(Font)              <5> on input line 21.
LaTeX Font Info:    External font `cmex10' loaded for size
(Font)              <8> on input line 31.
LaTeX Font Info:    External font `cmex10' loaded for size
(Font)              <6> on input line 31.

Underfull \hbox (badness 10000) in paragraph at lines 24--36

 []


Underfull \hbox (badness 10000) in paragraph at lines 24--36

 []


Underfull \hbox (badness 10000) in paragraph at lines 24--36

 []

[1]
Underfull \hbox (badness 10000) in paragraph at lines 38--43

 []


Underfull \hbox (badness 10000) in paragraph at lines 38--43

 []


Underfull \hbox (badness 10000) in paragraph at lines 38--43

 []


Underfull \hbox (badness 10000) in paragraph at lines 44--57

 []


Underfull \hbox (badness 10000) in paragraph at lines 44--57

 []


Underfull \hbox (badness 10000) in paragraph at lines 44--57

 []


Underfull \hbox (badness 10000) in paragraph at lines 44--57

 []


Underfull \hbox (badness 10000) in paragraph at lines 44--57

 []

[2]
Underfull \hbox (badness 10000) in paragraph at lines 59--77

 []


Underfull \hbox (badness 10000) in paragraph at lines 59--77

 []


Underfull \hbox (badness 10000) in paragraph at lines 59--77

 []


Underfull \hbox (badness 10000) in paragraph at lines 59--77

 []


Underfull \hbox (badness 10000) in paragraph at lines 59--77

 []


Underfull \hbox (badness 10000) in paragraph at lines 59--77

 []


Underfull \hbox (badness 10000) in paragraph at lines 59--77

 []


Underfull \hbox (badness 10000) in paragraph at lines 59--77

 []


Underfull \hbox (badness 10000) in paragraph at lines 59--77

 []

[3]
Underfull \hbox (badness 10000) in paragraph at lines 79--94

 []


Underfull \hbox (badness 10000) in paragraph at lines 79--94

 []


Underfull \hbox (badness 10000) in paragraph at lines 79--94

 []


Underfull \hbox (badness 10000) in paragraph at lines 79--94

 []


Underfull \hbox (badness 10000) in paragraph at lines 79--94

 []


Underfull \hbox (badness 10000) in paragraph at lines 79--94

 []


Underfull \hbox (badness 10000) in paragraph at lines 79--94

 []

[4] [5] (./informe.aux) ) 
Here is how much of TeX's memory you used:
 1540 strings out of 480247
 23554 string characters out of 5896151
 309529 words of memory out of 5000000
 19506 multiletter control sequences out of 15000+600000
 480123 words of font info for 46 fonts, out of 8000000 for 9000
 14 hyphenation exceptions out of 8191
 55i,8n,62p,500b,173s stack positions out of 5000i,500n,10000p,200000b,80000s
 </home/katy/.texlive2021/texmf-var/fonts/pk/ljfour/jk
nappen/ec/ecbx2074.600pk> </home/katy/.texlive2021/texmf-var/fonts/pk/ljfour/jk
nappen/ec/ecrm0800.600pk> </home/katy/.texlive2021/texmf-var/fonts/pk/ljfour/jk
nappen/ec/ecrm0600.600pk> </home/katy/.texlive2021/texmf-var/fonts/pk/ljfour/jk
nappen/ec/ecrm0700.600pk> </home/katy/.texlive2021/texmf-var/fonts/pk/ljfour/jk
nappen/ec/ecrm1000.600pk> </home/katy/.texlive2021/texmf-var/fonts/pk/ljfour/jk
nappen/ec/ecrm1200.600pk> </home/katy/.texlive2021/texmf-var/fonts/pk/ljfour/jk
nappen/ec/ecrm1440.600pk> </home/katy/.texlive2021/texmf-var/fonts/pk/ljfour/jk
nappen/ec/eccc1200.600pk> </home/katy/.texlive2021/texmf-var/fonts/pk/ljfour/jk
nappen/ec/ecbx2488.600pk>
Output written on informe.pdf (6 pages, 518293 bytes).
PDF statistics:
 240 PDF objects out of 1000 (max. 8388607)
 51 compressed objects within 1 object stream
 0 named destinations out of 1000 (max. 500000)
 6 words of extra memory for PDF output out of 10000 (max. 10000000)

